0 info it worked if it ends with ok
1 verbose cli [ '/usr/local/bin/node', '/usr/local/bin/npm', 'run', 'webpack' ]
2 info using npm@3.10.3
3 info using node@v6.5.0
4 verbose run-script [ 'prewebpack', 'webpack', 'postwebpack' ]
5 info lifecycle oceanplay@1.0.0~prewebpack: oceanplay@1.0.0
6 silly lifecycle oceanplay@1.0.0~prewebpack: no script for prewebpack, continuing
7 info lifecycle oceanplay@1.0.0~webpack: oceanplay@1.0.0
8 verbose lifecycle oceanplay@1.0.0~webpack: unsafe-perm in lifecycle true
9 verbose lifecycle oceanplay@1.0.0~webpack: PATH: /usr/local/lib/node_modules/npm/bin/node-gyp-bin:/Users/henrysteinitz/Desktop/CS/oceanplay/node_modules/.bin:/usr/local/bin:/Users/henrysteinitz/.rbenv/shims:/Users/henrysteinitz/.rbenv/bin:/usr/local/bin:/usr/bin:/bin:/usr/sbin:/sbin:/usr/local/git/bin:/Library/TeX/texbin
10 verbose lifecycle oceanplay@1.0.0~webpack: CWD: /Users/henrysteinitz/Desktop/CS/oceanplay
11 silly lifecycle oceanplay@1.0.0~webpack: Args: [ '-c', 'webpack -w' ]
12 silly lifecycle oceanplay@1.0.0~webpack: Returned: code: 255  signal: null
13 info lifecycle oceanplay@1.0.0~webpack: Failed to exec webpack script
14 verbose stack Error: oceanplay@1.0.0 webpack: `webpack -w`
14 verbose stack Exit status 255
14 verbose stack     at EventEmitter.<anonymous> (/usr/local/lib/node_modules/npm/lib/utils/lifecycle.js:242:16)
14 verbose stack     at emitTwo (events.js:106:13)
14 verbose stack     at EventEmitter.emit (events.js:191:7)
14 verbose stack     at ChildProcess.<anonymous> (/usr/local/lib/node_modules/npm/lib/utils/spawn.js:40:14)
14 verbose stack     at emitTwo (events.js:106:13)
14 verbose stack     at ChildProcess.emit (events.js:191:7)
14 verbose stack     at maybeClose (internal/child_process.js:877:16)
14 verbose stack     at Process.ChildProcess._handle.onexit (internal/child_process.js:226:5)
15 verbose pkgid oceanplay@1.0.0
16 verbose cwd /Users/henrysteinitz/Desktop/CS/oceanplay
17 error Darwin 15.6.0
18 error argv "/usr/local/bin/node" "/usr/local/bin/npm" "run" "webpack"
19 error node v6.5.0
20 error npm  v3.10.3
21 error code ELIFECYCLE
22 error oceanplay@1.0.0 webpack: `webpack -w`
22 error Exit status 255
23 error Failed at the oceanplay@1.0.0 webpack script 'webpack -w'.
23 error Make sure you have the latest version of node.js and npm installed.
23 error If you do, this is most likely a problem with the oceanplay package,
23 error not with npm itself.
23 error Tell the author that this fails on your system:
23 error     webpack -w
23 error You can get information on how to open an issue for this project with:
23 error     npm bugs oceanplay
23 error Or if that isn't available, you can get their info via:
23 error     npm owner ls oceanplay
23 error There is likely additional logging output above.
24 verbose exit [ 1, true ]
